{"/Users/fmerk/Desktop/Personal/quiz/src/App.vue": {"path":"/Users/fmerk/Desktop/Personal/quiz/src/App.vue","statementMap":{"0":{"start":{"line":14,"column":0},"end":{"line":14,"column":null}},"1":{"start":{"line":15,"column":0},"end":{"line":15,"column":null}},"2":{"start":{"line":17,"column":15},"end":{"line":17,"column":31}},"3":{"start":{"line":21,"column":4},"end":{"line":21,"column":11}}},"fnMap":{"0":{"name":"(anonymous_0)","decl":{"start":{"line":20,"column":7},"end":{"line":20,"column":null}},"loc":{"start":{"line":20,"column":7},"end":{"line":25,"column":null}}}},"branchMap":{},"s":{"0":0,"1":0,"2":0,"3":0},"f":{"0":0},"b":{}}
,"/Users/fmerk/Desktop/Personal/quiz/src/main.ts": {"path":"/Users/fmerk/Desktop/Personal/quiz/src/main.ts","statementMap":{"0":{"start":{"line":1,"column":0},"end":{"line":1,"column":null}},"1":{"start":{"line":2,"column":0},"end":{"line":2,"column":null}},"2":{"start":{"line":3,"column":0},"end":{"line":3,"column":null}},"3":{"start":{"line":4,"column":0},"end":{"line":4,"column":null}},"4":{"start":{"line":6,"column":0},"end":{"line":6,"column":null}},"5":{"start":{"line":8,"column":0},"end":{"line":8,"column":10}}},"fnMap":{},"branchMap":{},"s":{"0":0,"1":0,"2":0,"3":0,"4":0,"5":0},"f":{},"b":{}}
,"/Users/fmerk/Desktop/Personal/quiz/src/registerServiceWorker.ts": {"path":"/Users/fmerk/Desktop/Personal/quiz/src/registerServiceWorker.ts","statementMap":{"0":{"start":{"line":3,"column":0},"end":{"line":3,"column":null}},"1":{"start":{"line":5,"column":0},"end":{"line":34,"column":null}},"2":{"start":{"line":6,"column":2},"end":{"line":6,"column":11}},"3":{"start":{"line":8,"column":6},"end":{"line":8,"column":13}},"4":{"start":{"line":14,"column":6},"end":{"line":14,"column":13}},"5":{"start":{"line":17,"column":6},"end":{"line":17,"column":13}},"6":{"start":{"line":20,"column":6},"end":{"line":20,"column":13}},"7":{"start":{"line":23,"column":6},"end":{"line":23,"column":13}},"8":{"start":{"line":26,"column":6},"end":{"line":26,"column":13}},"9":{"start":{"line":31,"column":6},"end":{"line":31,"column":13}}},"fnMap":{"0":{"name":"(anonymous_0)","decl":{"start":{"line":7,"column":4},"end":{"line":7,"column":9}},"loc":{"start":{"line":7,"column":9},"end":{"line":12,"column":null}}},"1":{"name":"(anonymous_1)","decl":{"start":{"line":13,"column":4},"end":{"line":13,"column":14}},"loc":{"start":{"line":13,"column":14},"end":{"line":15,"column":null}}},"2":{"name":"(anonymous_2)","decl":{"start":{"line":16,"column":4},"end":{"line":16,"column":10}},"loc":{"start":{"line":16,"column":10},"end":{"line":18,"column":null}}},"3":{"name":"(anonymous_3)","decl":{"start":{"line":19,"column":4},"end":{"line":19,"column":15}},"loc":{"start":{"line":19,"column":15},"end":{"line":21,"column":null}}},"4":{"name":"(anonymous_4)","decl":{"start":{"line":22,"column":4},"end":{"line":22,"column":11}},"loc":{"start":{"line":22,"column":11},"end":{"line":24,"column":null}}},"5":{"name":"(anonymous_5)","decl":{"start":{"line":25,"column":4},"end":{"line":25,"column":11}},"loc":{"start":{"line":25,"column":11},"end":{"line":29,"column":null}}},"6":{"name":"(anonymous_6)","decl":{"start":{"line":30,"column":4},"end":{"line":30,"column":9}},"loc":{"start":{"line":30,"column":15},"end":{"line":32,"column":null}}}},"branchMap":{"0":{"loc":{"start":{"line":5,"column":0},"end":{"line":34,"column":null}},"type":"if","locations":[{"start":{"line":5,"column":0},"end":{"line":34,"column":null}},{"start":{"line":5,"column":0},"end":{"line":34,"column":null}}]}},"s":{"0":0,"1":0,"2":0,"3":0,"4":0,"5":0,"6":0,"7":0,"8":0,"9":0},"f":{"0":0,"1":0,"2":0,"3":0,"4":0,"5":0,"6":0},"b":{"0":[0,0]}}
,"/Users/fmerk/Desktop/Personal/quiz/src/api/index.ts": {"path":"/Users/fmerk/Desktop/Personal/quiz/src/api/index.ts","statementMap":{"0":{"start":{"line":8,"column":0},"end":{"line":8,"column":null}},"1":{"start":{"line":9,"column":0},"end":{"line":9,"column":null}},"2":{"start":{"line":11,"column":24},"end":{"line":19,"column":null}},"3":{"start":{"line":12,"column":2},"end":{"line":18,"column":null}},"4":{"start":{"line":13,"column":34},"end":{"line":13,"column":47}},"5":{"start":{"line":15,"column":4},"end":{"line":15,"column":11}},"6":{"start":{"line":17,"column":4},"end":{"line":17,"column":10}},"7":{"start":{"line":21,"column":23},"end":{"line":31,"column":null}},"8":{"start":{"line":22,"column":2},"end":{"line":30,"column":null}},"9":{"start":{"line":23,"column":18},"end":{"line":23,"column":null}},"10":{"start":{"line":25,"column":4},"end":{"line":25,"column":11}},"11":{"start":{"line":26,"column":6},"end":{"line":26,"column":7}},"12":{"start":{"line":29,"column":4},"end":{"line":29,"column":10}},"13":{"start":{"line":33,"column":26},"end":{"line":54,"column":null}},"14":{"start":{"line":38,"column":2},"end":{"line":53,"column":null}},"15":{"start":{"line":39,"column":25},"end":{"line":39,"column":39}},"16":{"start":{"line":40,"column":19},"end":{"line":40,"column":28}},"17":{"start":{"line":41,"column":19},"end":{"line":41,"column":null}},"18":{"start":{"line":42,"column":4},"end":{"line":44,"column":null}},"19":{"start":{"line":43,"column":6},"end":{"line":43,"column":13}},"20":{"start":{"line":46,"column":4},"end":{"line":48,"column":null}},"21":{"start":{"line":47,"column":6},"end":{"line":47,"column":13}},"22":{"start":{"line":50,"column":4},"end":{"line":50,"column":11}},"23":{"start":{"line":52,"column":4},"end":{"line":52,"column":10}},"24":{"start":{"line":56,"column":29},"end":{"line":64,"column":null}},"25":{"start":{"line":57,"column":2},"end":{"line":63,"column":null}},"26":{"start":{"line":58,"column":18},"end":{"line":58,"column":null}},"27":{"start":{"line":60,"column":4},"end":{"line":60,"column":11}},"28":{"start":{"line":60,"column":53},"end":{"line":60,"column":null}},"29":{"start":{"line":62,"column":4},"end":{"line":62,"column":10}},"30":{"start":{"line":66,"column":34},"end":{"line":83,"column":null}},"31":{"start":{"line":67,"column":2},"end":{"line":82,"column":null}},"32":{"start":{"line":68,"column":19},"end":{"line":68,"column":null}},"33":{"start":{"line":69,"column":17},"end":{"line":69,"column":24}},"34":{"start":{"line":70,"column":21},"end":{"line":70,"column":35}},"35":{"start":{"line":71,"column":20},"end":{"line":71,"column":27}},"36":{"start":{"line":72,"column":19},"end":{"line":72,"column":27}},"37":{"start":{"line":73,"column":18},"end":{"line":73,"column":25}},"38":{"start":{"line":75,"column":4},"end":{"line":75,"column":11}},"39":{"start":{"line":81,"column":4},"end":{"line":81,"column":10}}},"fnMap":{"0":{"name":"(anonymous_0)","decl":{"start":{"line":11,"column":24},"end":{"line":11,"column":49}},"loc":{"start":{"line":11,"column":49},"end":{"line":19,"column":null}}},"1":{"name":"(anonymous_1)","decl":{"start":{"line":13,"column":34},"end":{"line":13,"column":47}},"loc":{"start":{"line":13,"column":34},"end":{"line":13,"column":47}}},"2":{"name":"(anonymous_2)","decl":{"start":{"line":21,"column":23},"end":{"line":21,"column":30}},"loc":{"start":{"line":21,"column":67},"end":{"line":31,"column":null}}},"3":{"name":"(anonymous_3)","decl":{"start":{"line":25,"column":22},"end":{"line":25,"column":23}},"loc":{"start":{"line":26,"column":6},"end":{"line":26,"column":7}}},"4":{"name":"(anonymous_4)","decl":{"start":{"line":33,"column":26},"end":{"line":33,"column":33}},"loc":{"start":{"line":37,"column":46},"end":{"line":54,"column":null}}},"5":{"name":"(anonymous_5)","decl":{"start":{"line":56,"column":29},"end":{"line":56,"column":61}},"loc":{"start":{"line":56,"column":61},"end":{"line":64,"column":null}}},"6":{"name":"(anonymous_6)","decl":{"start":{"line":60,"column":21},"end":{"line":60,"column":22}},"loc":{"start":{"line":60,"column":53},"end":{"line":60,"column":null}}},"7":{"name":"(anonymous_7)","decl":{"start":{"line":66,"column":34},"end":{"line":66,"column":72}},"loc":{"start":{"line":66,"column":72},"end":{"line":83,"column":null}}}},"branchMap":{"0":{"loc":{"start":{"line":42,"column":4},"end":{"line":44,"column":null}},"type":"if","locations":[{"start":{"line":42,"column":4},"end":{"line":44,"column":null}},{"start":{"line":42,"column":4},"end":{"line":44,"column":null}}]},"1":{"loc":{"start":{"line":46,"column":4},"end":{"line":48,"column":null}},"type":"if","locations":[{"start":{"line":46,"column":4},"end":{"line":48,"column":null}},{"start":{"line":46,"column":4},"end":{"line":48,"column":null}}]}},"s":{"0":2,"1":2,"2":2,"3":404,"4":808,"5":404,"6":0,"7":2,"8":259,"9":259,"10":259,"11":3628,"12":0,"13":2,"14":114,"15":114,"16":114,"17":114,"18":114,"19":5,"20":109,"21":4,"22":105,"23":0,"24":2,"25":145,"26":145,"27":145,"28":3915,"29":0,"30":2,"31":144,"32":144,"33":144,"34":144,"35":144,"36":144,"37":144,"38":144,"39":0},"f":{"0":404,"1":404,"2":259,"3":3628,"4":114,"5":145,"6":3915,"7":144},"b":{"0":[5,109],"1":[4,105]}}
,"/Users/fmerk/Desktop/Personal/quiz/src/api/data/nvi-nt.ts": {"path":"/Users/fmerk/Desktop/Personal/quiz/src/api/data/nvi-nt.ts","statementMap":{"0":{"start":{"line":3,"column":25},"end":{"line":3,"column":null}}},"fnMap":{},"branchMap":{},"s":{"0":2},"f":{},"b":{}}
,"/Users/fmerk/Desktop/Personal/quiz/src/api/data/nvi.ts": {"path":"/Users/fmerk/Desktop/Personal/quiz/src/api/data/nvi.ts","statementMap":{"0":{"start":{"line":1,"column":22},"end":{"line":1,"column":null}}},"fnMap":{},"branchMap":{},"s":{"0":0},"f":{},"b":{}}
,"/Users/fmerk/Desktop/Personal/quiz/src/components/MultipleAnswer/Challenge.vue": {"path":"/Users/fmerk/Desktop/Personal/quiz/src/components/MultipleAnswer/Challenge.vue","statementMap":{"0":{"start":{"line":15,"column":0},"end":{"line":15,"column":null}},"1":{"start":{"line":16,"column":0},"end":{"line":16,"column":null}},"2":{"start":{"line":17,"column":0},"end":{"line":17,"column":null}},"3":{"start":{"line":20,"column":15},"end":{"line":20,"column":31}},"4":{"start":{"line":24,"column":10},"end":{"line":24,"column":18}},"5":{"start":{"line":25,"column":4},"end":{"line":25,"column":13}},"6":{"start":{"line":25,"column":21},"end":{"line":25,"column":27}},"7":{"start":{"line":27,"column":10},"end":{"line":27,"column":18}},"8":{"start":{"line":27,"column":68},"end":{"line":27,"column":null}},"9":{"start":{"line":28,"column":10},"end":{"line":28,"column":16}},"10":{"start":{"line":29,"column":8},"end":{"line":29,"column":17}},"11":{"start":{"line":29,"column":25},"end":{"line":29,"column":31}},"12":{"start":{"line":33,"column":4},"end":{"line":33,"column":11}}},"fnMap":{"0":{"name":"(anonymous_0)","decl":{"start":{"line":23,"column":2},"end":{"line":23,"column":8}},"loc":{"start":{"line":23,"column":2},"end":{"line":38,"column":null}}},"1":{"name":"(anonymous_3)","decl":{"start":{"line":27,"column":21},"end":{"line":27,"column":28}},"loc":{"start":{"line":27,"column":68},"end":{"line":31,"column":null}}},"2":{"name":"(anonymous_4)","decl":{"start":{"line":27,"column":68},"end":{"line":27,"column":null}},"loc":{"start":{"line":27,"column":68},"end":{"line":27,"column":null}}}},"branchMap":{"0":{"loc":{"start":{"line":28,"column":10},"end":{"line":28,"column":16}},"type":"if","locations":[{"start":{"line":28,"column":10},"end":{"line":28,"column":16}},{"start":{"line":28,"column":10},"end":{"line":28,"column":16}}]}},"s":{"0":0,"1":0,"2":0,"3":0,"4":0,"5":0,"6":0,"7":0,"8":0,"9":0,"10":0,"11":0,"12":0},"f":{"0":0,"1":0,"2":0},"b":{"0":[0,0]}}
,"/Users/fmerk/Desktop/Personal/quiz/src/components/MultipleAnswer/Question.vue": {"path":"/Users/fmerk/Desktop/Personal/quiz/src/components/MultipleAnswer/Question.vue","statementMap":{"0":{"start":{"line":33,"column":0},"end":{"line":33,"column":null}},"1":{"start":{"line":35,"column":15},"end":{"line":35,"column":31}},"2":{"start":{"line":48,"column":20},"end":{"line":48,"column":24}},"3":{"start":{"line":49,"column":26},"end":{"line":51,"column":null}},"4":{"start":{"line":50,"column":6},"end":{"line":50,"column":13}},"5":{"start":{"line":53,"column":4},"end":{"line":53,"column":10}},"6":{"start":{"line":53,"column":16},"end":{"line":53,"column":21}},"7":{"start":{"line":53,"column":47},"end":{"line":53,"column":60}},"8":{"start":{"line":55,"column":4},"end":{"line":55,"column":11}}},"fnMap":{"0":{"name":"(anonymous_0)","decl":{"start":{"line":47,"column":2},"end":{"line":47,"column":7}},"loc":{"start":{"line":47,"column":13},"end":{"line":59,"column":null}}},"1":{"name":"(anonymous_1)","decl":{"start":{"line":49,"column":26},"end":{"line":49,"column":27}},"loc":{"start":{"line":49,"column":40},"end":{"line":51,"column":null}}},"2":{"name":"(anonymous_2)","decl":{"start":{"line":53,"column":10},"end":{"line":53,"column":16}},"loc":{"start":{"line":53,"column":10},"end":{"line":53,"column":41}}},"3":{"name":"(anonymous_3)","decl":{"start":{"line":53,"column":41},"end":{"line":53,"column":47}},"loc":{"start":{"line":53,"column":41},"end":{"line":53,"column":null}}}},"branchMap":{},"s":{"0":0,"1":0,"2":0,"3":0,"4":0,"5":0,"6":0,"7":0,"8":0},"f":{"0":0,"1":0,"2":0,"3":0},"b":{}}
,"/Users/fmerk/Desktop/Personal/quiz/src/helpers/bible.ts": {"path":"/Users/fmerk/Desktop/Personal/quiz/src/helpers/bible.ts","statementMap":{"0":{"start":{"line":1,"column":0},"end":{"line":1,"column":null}},"1":{"start":{"line":4,"column":0},"end":{"line":4,"column":null}},"2":{"start":{"line":6,"column":24},"end":{"line":6,"column":null}},"3":{"start":{"line":6,"column":42},"end":{"line":6,"column":null}},"4":{"start":{"line":7,"column":24},"end":{"line":7,"column":null}},"5":{"start":{"line":7,"column":42},"end":{"line":7,"column":null}},"6":{"start":{"line":8,"column":36},"end":{"line":12,"column":null}},"7":{"start":{"line":12,"column":32},"end":{"line":12,"column":null}},"8":{"start":{"line":14,"column":44},"end":{"line":29,"column":null}},"9":{"start":{"line":15,"column":20},"end":{"line":15,"column":null}},"10":{"start":{"line":16,"column":29},"end":{"line":16,"column":50}},"11":{"start":{"line":17,"column":18},"end":{"line":17,"column":35}},"12":{"start":{"line":18,"column":23},"end":{"line":18,"column":36}},"13":{"start":{"line":20,"column":6},"end":{"line":20,"column":13}},"14":{"start":{"line":24,"column":2},"end":{"line":24,"column":9}},"15":{"start":{"line":31,"column":45},"end":{"line":41,"column":null}},"16":{"start":{"line":34,"column":20},"end":{"line":34,"column":24}},"17":{"start":{"line":36,"column":2},"end":{"line":36,"column":9}},"18":{"start":{"line":38,"column":6},"end":{"line":38,"column":13}}},"fnMap":{"0":{"name":"(anonymous_0)","decl":{"start":{"line":6,"column":24},"end":{"line":6,"column":42}},"loc":{"start":{"line":6,"column":42},"end":{"line":6,"column":null}}},"1":{"name":"(anonymous_1)","decl":{"start":{"line":7,"column":24},"end":{"line":7,"column":42}},"loc":{"start":{"line":7,"column":42},"end":{"line":7,"column":null}}},"2":{"name":"(anonymous_2)","decl":{"start":{"line":8,"column":36},"end":{"line":8,"column":37}},"loc":{"start":{"line":12,"column":32},"end":{"line":12,"column":null}}},"3":{"name":"(anonymous_3)","decl":{"start":{"line":14,"column":44},"end":{"line":14,"column":88}},"loc":{"start":{"line":14,"column":88},"end":{"line":29,"column":null}}},"4":{"name":"(anonymous_4)","decl":{"start":{"line":19,"column":30},"end":{"line":19,"column":41}},"loc":{"start":{"line":19,"column":41},"end":{"line":21,"column":null}}},"5":{"name":"(anonymous_5)","decl":{"start":{"line":31,"column":45},"end":{"line":31,"column":null}},"loc":{"start":{"line":33,"column":38},"end":{"line":41,"column":null}}},"6":{"name":"(anonymous_6)","decl":{"start":{"line":37,"column":18},"end":{"line":37,"column":23}},"loc":{"start":{"line":37,"column":23},"end":{"line":39,"column":null}}}},"branchMap":{},"s":{"0":2,"1":2,"2":2,"3":106,"4":2,"5":481,"6":2,"7":44,"8":2,"9":11,"10":11,"11":11,"12":11,"13":33,"14":11,"15":2,"16":1,"17":1,"18":10},"f":{"0":106,"1":481,"2":44,"3":11,"4":33,"5":1,"6":10},"b":{}}
,"/Users/fmerk/Desktop/Personal/quiz/src/helpers/index.ts": {"path":"/Users/fmerk/Desktop/Personal/quiz/src/helpers/index.ts","statementMap":{"0":{"start":{"line":1,"column":22},"end":{"line":2,"column":null}},"1":{"start":{"line":2,"column":2},"end":{"line":2,"column":null}},"2":{"start":{"line":3,"column":24},"end":{"line":4,"column":7}},"3":{"start":{"line":4,"column":2},"end":{"line":4,"column":7}},"4":{"start":{"line":4,"column":19},"end":{"line":4,"column":null}}},"fnMap":{"0":{"name":"(anonymous_0)","decl":{"start":{"line":1,"column":22},"end":{"line":1,"column":23}},"loc":{"start":{"line":2,"column":2},"end":{"line":2,"column":null}}},"1":{"name":"(anonymous_1)","decl":{"start":{"line":3,"column":24},"end":{"line":3,"column":null}},"loc":{"start":{"line":4,"column":2},"end":{"line":4,"column":7}}},"2":{"name":"(anonymous_2)","decl":{"start":{"line":4,"column":13},"end":{"line":4,"column":19}},"loc":{"start":{"line":4,"column":19},"end":{"line":4,"column":null}}}},"branchMap":{},"s":{"0":3,"1":482,"2":3,"3":11,"4":53},"f":{"0":482,"1":11,"2":53},"b":{}}
,"/Users/fmerk/Desktop/Personal/quiz/src/store/index.ts": {"path":"/Users/fmerk/Desktop/Personal/quiz/src/store/index.ts","statementMap":{"0":{"start":{"line":1,"column":0},"end":{"line":1,"column":null}},"1":{"start":{"line":3,"column":15},"end":{"line":3,"column":27}}},"fnMap":{},"branchMap":{},"s":{"0":0,"1":0},"f":{},"b":{}}
}
