TN:
SF:/Users/fmerk/Desktop/Personal/quiz/src/main.ts
FNF:0
FNH:0
DA:1,0
DA:2,0
DA:3,0
DA:4,0
DA:6,0
DA:7,0
DA:9,0
LF:7
LH:0
BRF:0
BRH:0
end_of_record
TN:
SF:/Users/fmerk/Desktop/Personal/quiz/src/registerServiceWorker.ts
FN:7,(anonymous_0)
FN:13,(anonymous_1)
FN:16,(anonymous_2)
FN:19,(anonymous_3)
FN:22,(anonymous_4)
FN:25,(anonymous_5)
FN:30,(anonymous_6)
FNF:7
FNH:0
FNDA:0,(anonymous_0)
FNDA:0,(anonymous_1)
FNDA:0,(anonymous_2)
FNDA:0,(anonymous_3)
FNDA:0,(anonymous_4)
FNDA:0,(anonymous_5)
FNDA:0,(anonymous_6)
DA:3,0
DA:5,0
DA:6,0
DA:8,0
DA:14,0
DA:17,0
DA:20,0
DA:23,0
DA:26,0
DA:31,0
LF:10
LH:0
BRDA:5,0,0,0
BRDA:5,0,1,0
BRF:2
BRH:0
end_of_record
TN:
SF:/Users/fmerk/Desktop/Personal/quiz/src/api/index.ts
FN:11,(anonymous_0)
FN:13,(anonymous_1)
FN:21,(anonymous_2)
FN:25,(anonymous_3)
FN:33,(anonymous_4)
FN:56,(anonymous_5)
FN:60,(anonymous_6)
FN:66,(anonymous_7)
FNF:8
FNH:8
FNDA:458,(anonymous_0)
FNDA:455,(anonymous_1)
FNDA:289,(anonymous_2)
FNDA:4042,(anonymous_3)
FNDA:120,(anonymous_4)
FNDA:169,(anonymous_5)
FNDA:4563,(anonymous_6)
FNDA:168,(anonymous_7)
DA:8,4
DA:9,4
DA:11,4
DA:12,458
DA:13,913
DA:15,455
DA:17,0
DA:21,4
DA:22,289
DA:23,289
DA:25,286
DA:26,4042
DA:29,0
DA:33,4
DA:38,120
DA:39,120
DA:40,120
DA:41,120
DA:42,120
DA:43,8
DA:46,112
DA:47,4
DA:50,108
DA:52,0
DA:56,4
DA:57,169
DA:58,169
DA:60,4563
DA:62,0
DA:66,4
DA:67,168
DA:68,168
DA:69,168
DA:70,168
DA:71,165
DA:72,165
DA:73,165
DA:75,165
DA:81,0
LF:39
LH:34
BRDA:42,0,0,8
BRDA:42,0,1,112
BRDA:46,1,0,4
BRDA:46,1,1,108
BRF:4
BRH:4
end_of_record
TN:
SF:/Users/fmerk/Desktop/Personal/quiz/src/api/data/nvi-nt.ts
FNF:0
FNH:0
DA:3,4
LF:1
LH:1
BRF:0
BRH:0
end_of_record
TN:
SF:/Users/fmerk/Desktop/Personal/quiz/src/api/data/nvi.ts
FNF:0
FNH:0
DA:1,1
LF:1
LH:1
BRF:0
BRH:0
end_of_record
TN:
SF:/Users/fmerk/Desktop/Personal/quiz/src/components/MultipleAnswer/Challenge.vue
FN:30,(anonymous_0)
FN:34,(anonymous_3)
FN:34,(anonymous_4)
FNF:3
FNH:3
FNDA:2,(anonymous_0)
FNDA:1,(anonymous_3)
FNDA:1,(anonymous_4)
DA:22,1
DA:23,1
DA:24,1
DA:27,1
DA:31,2
DA:32,4
DA:34,2
DA:35,1
DA:36,1
DA:40,2
LF:10
LH:10
BRDA:35,0,0,0
BRDA:35,0,1,1
BRF:2
BRH:1
end_of_record
TN:
SF:/Users/fmerk/Desktop/Personal/quiz/src/components/MultipleAnswer/Question.vue
FN:60,(anonymous_0)
FN:62,(anonymous_1)
FN:67,(anonymous_2)
FN:68,(anonymous_3)
FNF:4
FNH:3
FNDA:5,(anonymous_0)
FNDA:1,(anonymous_1)
FNDA:5,(anonymous_2)
FNDA:0,(anonymous_3)
DA:46,2
DA:48,2
DA:61,5
DA:62,5
DA:63,1
DA:66,5
DA:67,5
DA:68,0
DA:71,5
LF:9
LH:8
BRF:0
BRH:0
end_of_record
TN:
SF:/Users/fmerk/Desktop/Personal/quiz/src/helpers/bible.ts
FN:6,(anonymous_0)
FN:7,(anonymous_1)
FN:8,(anonymous_2)
FN:14,(anonymous_3)
FN:19,(anonymous_4)
FN:31,(anonymous_5)
FN:37,(anonymous_6)
FNF:7
FNH:7
FNDA:109,(anonymous_0)
FNDA:514,(anonymous_1)
FNDA:65,(anonymous_2)
FNDA:17,(anonymous_3)
FNDA:51,(anonymous_4)
FNDA:1,(anonymous_5)
FNDA:10,(anonymous_6)
DA:1,4
DA:4,4
DA:6,109
DA:7,514
DA:8,4
DA:12,65
DA:14,4
DA:15,17
DA:16,17
DA:17,17
DA:18,17
DA:20,51
DA:24,16
DA:31,4
DA:34,1
DA:36,1
DA:38,10
LF:17
LH:17
BRF:0
BRH:0
end_of_record
TN:
SF:/Users/fmerk/Desktop/Personal/quiz/src/helpers/index.ts
FN:1,(anonymous_0)
FN:3,(anonymous_1)
FN:4,(anonymous_2)
FNF:3
FNH:3
FNDA:548,(anonymous_0)
FNDA:16,(anonymous_1)
FNDA:78,(anonymous_2)
DA:1,5
DA:2,548
DA:3,5
DA:4,78
LF:4
LH:4
BRF:0
BRH:0
end_of_record
TN:
SF:/Users/fmerk/Desktop/Personal/quiz/src/router/index.ts
FN:13,(anonymous_0)
FNF:1
FNH:0
FNDA:0,(anonymous_0)
DA:1,0
DA:2,0
DA:4,0
DA:13,0
DA:20,0
DA:25,0
LF:6
LH:0
BRF:0
BRH:0
end_of_record
TN:
SF:/Users/fmerk/Desktop/Personal/quiz/src/store/index.ts
FNF:0
FNH:0
DA:1,0
DA:3,0
LF:2
LH:0
BRF:0
BRH:0
end_of_record
TN:
SF:/Users/fmerk/Desktop/Personal/quiz/src/views/MultipleAnswerChallenge.vue
FN:16,(anonymous_0)
FNF:1
FNH:0
FNDA:0,(anonymous_0)
DA:10,0
DA:11,0
DA:13,0
DA:17,0
LF:4
LH:0
BRF:0
BRH:0
end_of_record
