TN:
SF:/Users/fmerk/Desktop/Personal/quiz/src/App.vue
FN:20,(anonymous_0)
FNF:1
FNH:0
FNDA:0,(anonymous_0)
DA:14,0
DA:15,0
DA:17,0
DA:21,0
LF:4
LH:0
BRF:0
BRH:0
end_of_record
TN:
SF:/Users/fmerk/Desktop/Personal/quiz/src/main.ts
FNF:0
FNH:0
DA:1,0
DA:2,0
DA:3,0
DA:4,0
DA:6,0
DA:8,0
LF:6
LH:0
BRF:0
BRH:0
end_of_record
TN:
SF:/Users/fmerk/Desktop/Personal/quiz/src/registerServiceWorker.ts
FN:7,(anonymous_0)
FN:13,(anonymous_1)
FN:16,(anonymous_2)
FN:19,(anonymous_3)
FN:22,(anonymous_4)
FN:25,(anonymous_5)
FN:30,(anonymous_6)
FNF:7
FNH:0
FNDA:0,(anonymous_0)
FNDA:0,(anonymous_1)
FNDA:0,(anonymous_2)
FNDA:0,(anonymous_3)
FNDA:0,(anonymous_4)
FNDA:0,(anonymous_5)
FNDA:0,(anonymous_6)
DA:3,0
DA:5,0
DA:6,0
DA:8,0
DA:14,0
DA:17,0
DA:20,0
DA:23,0
DA:26,0
DA:31,0
LF:10
LH:0
BRDA:5,0,0,0
BRDA:5,0,1,0
BRF:2
BRH:0
end_of_record
TN:
SF:/Users/fmerk/Desktop/Personal/quiz/src/api/index.ts
FN:11,(anonymous_0)
FN:13,(anonymous_1)
FN:21,(anonymous_2)
FN:25,(anonymous_3)
FN:33,(anonymous_4)
FN:56,(anonymous_5)
FN:60,(anonymous_6)
FN:66,(anonymous_7)
FNF:8
FNH:8
FNDA:404,(anonymous_0)
FNDA:404,(anonymous_1)
FNDA:259,(anonymous_2)
FNDA:3628,(anonymous_3)
FNDA:114,(anonymous_4)
FNDA:145,(anonymous_5)
FNDA:3915,(anonymous_6)
FNDA:144,(anonymous_7)
DA:8,2
DA:9,2
DA:11,2
DA:12,404
DA:13,808
DA:15,404
DA:17,0
DA:21,2
DA:22,259
DA:23,259
DA:25,259
DA:26,3628
DA:29,0
DA:33,2
DA:38,114
DA:39,114
DA:40,114
DA:41,114
DA:42,114
DA:43,5
DA:46,109
DA:47,4
DA:50,105
DA:52,0
DA:56,2
DA:57,145
DA:58,145
DA:60,3915
DA:62,0
DA:66,2
DA:67,144
DA:68,144
DA:69,144
DA:70,144
DA:71,144
DA:72,144
DA:73,144
DA:75,144
DA:81,0
LF:39
LH:34
BRDA:42,0,0,5
BRDA:42,0,1,109
BRDA:46,1,0,4
BRDA:46,1,1,105
BRF:4
BRH:4
end_of_record
TN:
SF:/Users/fmerk/Desktop/Personal/quiz/src/api/data/nvi-nt.ts
FNF:0
FNH:0
DA:3,2
LF:1
LH:1
BRF:0
BRH:0
end_of_record
TN:
SF:/Users/fmerk/Desktop/Personal/quiz/src/api/data/nvi.ts
FNF:0
FNH:0
DA:1,0
LF:1
LH:0
BRF:0
BRH:0
end_of_record
TN:
SF:/Users/fmerk/Desktop/Personal/quiz/src/components/MultipleAnswer/Challenge.vue
FN:23,(anonymous_0)
FN:27,(anonymous_3)
FN:27,(anonymous_4)
FNF:3
FNH:0
FNDA:0,(anonymous_0)
FNDA:0,(anonymous_3)
FNDA:0,(anonymous_4)
DA:15,0
DA:16,0
DA:17,0
DA:20,0
DA:24,0
DA:25,0
DA:27,0
DA:28,0
DA:29,0
DA:33,0
LF:10
LH:0
BRDA:28,0,0,0
BRDA:28,0,1,0
BRF:2
BRH:0
end_of_record
TN:
SF:/Users/fmerk/Desktop/Personal/quiz/src/components/MultipleAnswer/Question.vue
FN:47,(anonymous_0)
FN:49,(anonymous_1)
FN:53,(anonymous_2)
FN:53,(anonymous_3)
FNF:4
FNH:0
FNDA:0,(anonymous_0)
FNDA:0,(anonymous_1)
FNDA:0,(anonymous_2)
FNDA:0,(anonymous_3)
DA:33,0
DA:35,0
DA:48,0
DA:49,0
DA:50,0
DA:53,0
DA:55,0
LF:7
LH:0
BRF:0
BRH:0
end_of_record
TN:
SF:/Users/fmerk/Desktop/Personal/quiz/src/helpers/bible.ts
FN:6,(anonymous_0)
FN:7,(anonymous_1)
FN:8,(anonymous_2)
FN:14,(anonymous_3)
FN:19,(anonymous_4)
FN:31,(anonymous_5)
FN:37,(anonymous_6)
FNF:7
FNH:7
FNDA:106,(anonymous_0)
FNDA:481,(anonymous_1)
FNDA:44,(anonymous_2)
FNDA:11,(anonymous_3)
FNDA:33,(anonymous_4)
FNDA:1,(anonymous_5)
FNDA:10,(anonymous_6)
DA:1,2
DA:4,2
DA:6,106
DA:7,481
DA:8,2
DA:12,44
DA:14,2
DA:15,11
DA:16,11
DA:17,11
DA:18,11
DA:20,33
DA:24,11
DA:31,2
DA:34,1
DA:36,1
DA:38,10
LF:17
LH:17
BRF:0
BRH:0
end_of_record
TN:
SF:/Users/fmerk/Desktop/Personal/quiz/src/helpers/index.ts
FN:1,(anonymous_0)
FN:3,(anonymous_1)
FN:4,(anonymous_2)
FNF:3
FNH:3
FNDA:482,(anonymous_0)
FNDA:11,(anonymous_1)
FNDA:53,(anonymous_2)
DA:1,3
DA:2,482
DA:3,3
DA:4,53
LF:4
LH:4
BRF:0
BRH:0
end_of_record
TN:
SF:/Users/fmerk/Desktop/Personal/quiz/src/store/index.ts
FNF:0
FNH:0
DA:1,0
DA:3,0
LF:2
LH:0
BRF:0
BRH:0
end_of_record
